Arguments: 
  /usr/bin/nodejs /usr/share/yarn/bin/yarn.js add babel-loader

PATH: 
  /home/piyush/.local/share/umake/bin:/home/piyush/bin:/home/piyush/.local/bin:/usr/local/sbin:/usr/local/bin:/usr/sbin:/usr/bin:/sbin:/bin:/usr/games:/usr/local/games:/snap/bin

Yarn version: 
  0.27.5

Node version: 
  8.4.0

Platform: 
  linux x64

npm manifest: 
  {
    "name": "github-demo",
    "version": "1.0.0",
    "description": "",
    "main": "index.js",
    "keywords": [],
    "author": "kamleshchandnani",
    "license": "MIT",
    "dependencies": {
      "async": "^2.5.0",
      "babel-plugin-syntax-dynamic-import": "^6.18.0",
      "babel-runtime": "6.22.0",
      "classnames": "^2.2.5",
      "cross-env": "3.1.3",
      "dexie": "^2.0.0-beta",
      "express": "4.14.0",
      "file-loader": "0.11.1",
      "google-maps-react": "^1.0.19",
      "immutable": "3.8.1",
      "intl": "^1.2.5",
      "jest-cli": "^20.0.4",
      "lodash": "^3.10.1",
      "material-ui": "^0.16.1",
      "material-ui-responsive-drawer": "1.0.8",
      "moment": "2.18.1",
      "node-json-transform": "1.0.13",
      "pdfjs-dist": "^1.8.469",
      "prop-types": "^15.5.10",
      "react": "^15.6.1",
      "react-geosuggest": "^2.1.0",
      "react-html5video": "^2.1.0",
      "react-intl": "^2.2.3",
      "react-jsonschema-form": "0.46.0",
      "react-recorder": "^1.0.0",
      "react-redux": "4.4.5",
      "react-router-dom": "next",
      "react-swipeable-views": "0.11.2",
      "react-tap-event-plugin": "^2.0.1",
      "redux": "3.1.0",
      "redux-form": "^6.5.0",
      "redux-logger": "2.8.2",
      "redux-promise": "^0.5.3",
      "redux-responsive": "3.0.0",
      "redux-saga": "^0.15.3",
      "sw-toolbox": "^3.6.0"
    },
    "devDependencies": {
      "autoprefixer": "6.5.1",
      "babel-cli": "^6.24.1",
      "babel-core": "6.16.0",
      "babel-eslint": "7.1.1",
      "babel-jest": "^20.0.3",
      "babel-loader": "6.2.7",
      "babel-plugin-module-resolver": "^2.7.1",
      "babel-plugin-transform-decorators-legacy": "^1.3.4",
      "babel-plugin-transform-object-rest-spread": "^6.23.0",
      "babel-plugin-transform-runtime": "^6.23.0",
      "babel-preset-env": "^1.2.1",
      "babel-preset-es2015": "^6.24.1",
      "babel-preset-react": "^6.22.0",
      "babel-preset-stage-1": "^6.22.0",
      "concurrently": "^0.1.1",
      "copy-webpack-plugin": "^4.0.1",
      "css-loader": "^0.27.3",
      "dotenv": "2.0.0",
      "ejs-loader": "0.3.0",
      "eslint": "3.19.0",
      "eslint-config-airbnb": "^15.0.1",
      "eslint-import-resolver-webpack": "^0.8.3",
      "eslint-loader": "^1.8.0",
      "eslint-plugin-babel": "^4.1.1",
      "eslint-plugin-import": "^2.6.0",
      "eslint-plugin-jsx-a11y": "^5.0.1",
      "eslint-plugin-react": "^7.0.1",
      "extract-text-webpack-plugin": "^2.1.0",
      "flow-bin": "^0.41.0",
      "git-revision-webpack-plugin": "^2.5.1",
      "html-loader": "^0.4.5",
      "html-webpack-plugin": "^2.30.1",
      "husky": "^0.14.3",
      "jest": "^20.0.4",
      "lodash-webpack-plugin": "^0.11.4",
      "node-sass": "^4.5.1",
      "postcss-cssnext": "^3.0.2",
      "postcss-import": "^10.0.0",
      "postcss-loader": "^1.3.3",
      "progress-bar-webpack-plugin": "^1.10.0",
      "promise": "7.1.1",
      "react-dev-utils": "^0.5.2",
      "react-dom": "^15.6.1",
      "react-hot-loader": "^3.0.0-beta.7",
      "react-test-renderer": "^15.6.1",
      "sass-loader": "^6.0.3",
      "style-loader": "0.13.1",
      "sw-precache": "^5.1.0",
      "sw-precache-webpack-plugin": "^0.9.1",
      "url-loader": "0.5.7",
      "webpack": "^2.7.0",
      "webpack-bundle-analyzer": "^2.8.2",
      "webpack-cleanup-plugin": "0.5.1",
      "webpack-dev-server": "^2.8.2",
      "webpack-shell-plugin": "^0.5.0",
      "why-did-you-update": "^0.0.8",
      "yarn-run-all": "^3.1.1"
    },
    "scripts": {
      "start": "webpack-dev-server --config ./config/webpack.config.dev.js --host 0.0.0.0",
      "build": "NODE_ENV=production webpack -p --display-error-details --config ./config/webpack.config.prod.js --progress --profile --colors"
    }
  }

yarn manifest: 
  No manifest

Lockfile: 
  No lockfile

Trace: 
  Error: EACCES: permission denied, mkdir '/home/piyush/MyReactApp/node_modules/babel-messages/node_modules/regenerator-runtime'
